# JRE version: Java(TM) SE Runtime Environment (21.0.8+12) (build 21.0.8+12-LTS-250)
# Java VM: Java HotSpot(TM) 64-Bit Server VM (21.0.8+12-LTS-250, mixed mode, emulated-client, sharing, tiered, compressed oops, compressed class ptrs, g1 gc, windows-amd64)
GC Precious Log:
 CardTable entry size: 512
 Card Set container configuration: InlinePtr #cards 5 size 8 Array Of Cards #cards 12 size 40 Howl #buckets 4 coarsen threshold 1843 Howl Bitmap #cards 512 size 80 coarsen threshold 460 Card regions per heap region 1 cards per card region 2048
 CPUs: 12 total, 12 available
 Memory: 5996M
 Large Page Support: Disabled
 NUMA Support: Disabled
 Compressed Oops: Enabled (32-bit)
 Heap Region Size: 1M
 Heap Min Capacity: 8M
 Heap Initial Capacity: 94M
 Heap Max Capacity: 1500M
 Pre-touch: Disabled
 Parallel Workers: 10
 Concurrent Workers: 3
 Concurrent Refinement Workers: 10
 Periodic GC: Disabled
Heap:
 garbage-first heap   total 78848K, used 51497K [0x00000000a2400000, 0x0000000100000000)
  region size 1024K, 27 young (27648K), 6 survivors (6144K)
 Metaspace       used 64023K, committed 64768K, reserved 1114112K
  class space    used 9174K, committed 9536K, reserved 1048576K
GC Heap History (20 events):
Event: 0.657 GC heap before
{Heap before GC invocations=0 (full 0):
 garbage-first heap   total 96256K, used 24576K [0x00000000a2400000, 0x0000000100000000)
  region size 1024K, 23 young (23552K), 0 survivors (0K)
 Metaspace       used 5338K, committed 5568K, reserved 1114112K
  class space    used 711K, committed 832K, reserved 1048576K
}
Event: 0.663 GC heap after
{Heap after GC invocations=1 (full 0):
 garbage-first heap   total 96256K, used 7992K [0x00000000a2400000, 0x0000000100000000)
  region size 1024K, 3 young (3072K), 3 survivors (3072K)
 Metaspace       used 5338K, committed 5568K, reserved 1114112K
  class space    used 711K, committed 832K, reserved 1048576K
}
Event: 1.110 GC heap before
{Heap before GC invocations=1 (full 0):
 garbage-first heap   total 96256K, used 35640K [0x00000000a2400000, 0x0000000100000000)
  region size 1024K, 31 young (31744K), 3 survivors (3072K)
 Metaspace       used 11752K, committed 12096K, reserved 1114112K
  class space    used 1771K, committed 1920K, reserved 1048576K
}
Event: 1.115 GC heap after
{Heap after GC invocations=2 (full 0):
 garbage-first heap   total 96256K, used 10589K [0x00000000a2400000, 0x0000000100000000)
  region size 1024K, 3 young (3072K), 3 survivors (3072K)
 Metaspace       used 11752K, committed 12096K, reserved 1114112K
  class space    used 1771K, committed 1920K, reserved 1048576K
}
Event: 1.614 GC heap before
{Heap before GC invocations=2 (full 0):
 garbage-first heap   total 96256K, used 56669K [0x00000000a2400000, 0x0000000100000000)
  region size 1024K, 50 young (51200K), 3 survivors (3072K)
 Metaspace       used 19928K, committed 20352K, reserved 1114112K
  class space    used 2771K, committed 2944K, reserved 1048576K
}
Event: 1.622 GC heap after
{Heap after GC invocations=3 (full 0):
 garbage-first heap   total 96256K, used 15349K [0x00000000a2400000, 0x0000000100000000)
  region size 1024K, 7 young (7168K), 7 survivors (7168K)
 Metaspace       used 19928K, committed 20352K, reserved 1114112K
  class space    used 2771K, committed 2944K, reserved 1048576K
}
Event: 2.406 GC heap before
{Heap before GC invocations=4 (full 0):
 garbage-first heap   total 55296K, used 55285K [0x00000000a2400000, 0x0000000100000000)
  region size 1024K, 46 young (47104K), 7 survivors (7168K)
 Metaspace       used 25975K, committed 26432K, reserved 1114112K
  class space    used 3651K, committed 3840K, reserved 1048576K
}
Event: 2.422 GC heap after
{Heap after GC invocations=5 (full 0):
 garbage-first heap   total 66560K, used 18561K [0x00000000a2400000, 0x0000000100000000)
  region size 1024K, 4 young (4096K), 4 survivors (4096K)
 Metaspace       used 25975K, committed 26432K, reserved 1114112K
  class space    used 3651K, committed 3840K, reserved 1048576K
}
Event: 3.193 GC heap before
{Heap before GC invocations=5 (full 0):
 garbage-first heap   total 66560K, used 50305K [0x00000000a2400000, 0x0000000100000000)
  region size 1024K, 35 young (35840K), 4 survivors (4096K)
 Metaspace       used 33142K, committed 33728K, reserved 1114112K
  class space    used 4660K, committed 4928K, reserved 1048576K
}
Event: 3.205 GC heap after
{Heap after GC invocations=6 (full 0):
 garbage-first heap   total 66560K, used 21442K [0x00000000a2400000, 0x0000000100000000)
  region size 1024K, 3 young (3072K), 3 survivors (3072K)
 Metaspace       used 33142K, committed 33728K, reserved 1114112K
  class space    used 4660K, committed 4928K, reserved 1048576K
}
Event: 3.241 GC heap before
{Heap before GC invocations=6 (full 0):
 garbage-first heap   total 66560K, used 22466K [0x00000000a2400000, 0x0000000100000000)
  region size 1024K, 5 young (5120K), 3 survivors (3072K)
 Metaspace       used 33425K, committed 33920K, reserved 1114112K
  class space    used 4699K, committed 4928K, reserved 1048576K
}
Event: 3.246 GC heap after
{Heap after GC invocations=7 (full 0):
 garbage-first heap   total 79872K, used 21906K [0x00000000a2400000, 0x0000000100000000)
  region size 1024K, 1 young (1024K), 1 survivors (1024K)
 Metaspace       used 33425K, committed 33920K, reserved 1114112K
  class space    used 4699K, committed 4928K, reserved 1048576K
}
Event: 4.162 GC heap before
{Heap before GC invocations=8 (full 0):
 garbage-first heap   total 78848K, used 64914K [0x00000000a2400000, 0x0000000100000000)
  region size 1024K, 43 young (44032K), 1 survivors (1024K)
 Metaspace       used 43987K, committed 44544K, reserved 1114112K
  class space    used 6157K, committed 6400K, reserved 1048576K
}
Event: 4.168 GC heap after
{Heap after GC invocations=9 (full 0):
 garbage-first heap   total 78848K, used 25191K [0x00000000a2400000, 0x0000000100000000)
  region size 1024K, 4 young (4096K), 4 survivors (4096K)
 Metaspace       used 43987K, committed 44544K, reserved 1114112K
  class space    used 6157K, committed 6400K, reserved 1048576K
}
Event: 4.999 GC heap before
{Heap before GC invocations=9 (full 0):
 garbage-first heap   total 78848K, used 65127K [0x00000000a2400000, 0x0000000100000000)
  region size 1024K, 44 young (45056K), 4 survivors (4096K)
 Metaspace       used 54088K, committed 54720K, reserved 1114112K
  class space    used 7711K, committed 8000K, reserved 1048576K
}
Event: 5.007 GC heap after
{Heap after GC invocations=10 (full 0):
 garbage-first heap   total 78848K, used 26483K [0x00000000a2400000, 0x0000000100000000)
  region size 1024K, 2 young (2048K), 2 survivors (2048K)
 Metaspace       used 54088K, committed 54720K, reserved 1114112K
  class space    used 7711K, committed 8000K, reserved 1048576K
}
Event: 5.258 GC heap before
{Heap before GC invocations=10 (full 0):
 garbage-first heap   total 78848K, used 36723K [0x00000000a2400000, 0x0000000100000000)
  region size 1024K, 13 young (13312K), 2 survivors (2048K)
 Metaspace       used 56142K, committed 56768K, reserved 1114112K
  class space    used 7961K, committed 8256K, reserved 1048576K
}
Event: 5.263 GC heap after
{Heap after GC invocations=11 (full 0):
 garbage-first heap   total 78848K, used 27295K [0x00000000a2400000, 0x0000000100000000)
  region size 1024K, 3 young (3072K), 3 survivors (3072K)
 Metaspace       used 56142K, committed 56768K, reserved 1114112K
  class space    used 7961K, committed 8256K, reserved 1048576K
}
Event: 6.103 GC heap before
{Heap before GC invocations=12 (full 0):
 garbage-first heap   total 78848K, used 68255K [0x00000000a2400000, 0x0000000100000000)
  region size 1024K, 43 young (44032K), 3 survivors (3072K)
 Metaspace       used 61488K, committed 62208K, reserved 1114112K
  class space    used 8788K, committed 9088K, reserved 1048576K
}
Event: 6.109 GC heap after
{Heap after GC invocations=13 (full 0):
 garbage-first heap   total 78848K, used 31017K [0x00000000a2400000, 0x0000000100000000)
  region size 1024K, 6 young (6144K), 6 survivors (6144K)
 Metaspace       used 61488K, committed 62208K, reserved 1114112K
  class space    used 8788K, committed 9088K, reserved 1048576K
}

